<?xml version="1.0" encoding="UTF-8"?>
<!-- Generated by org.testng.reporters.JUnitXMLReporter -->
<testsuite ignored="0" hostname="Akshay" failures="0" tests="4" name="Default test" time="22.809" errors="0" timestamp="2024-11-26T13:17:45 IST">
  <testcase classname="test.CustomerLoginTest" name="login" time="6.741"/>
  <testcase classname="test.CustomerLoginTest" name="screenshot" time="0.2"/>
  <testcase classname="test.CustomerLoginTest" name="deposite" time="4.383"/>
  <testcase classname="test.CustomerLoginTest" name="withdawl" time="0.308"/>
</testsuite> <!-- Default test -->
