<?xml version="1.0" encoding="UTF-8"?>
<testng-results ignored="0" total="4" passed="4" failed="0" skipped="0">
  <reporter-output>
  </reporter-output>
  <suite started-at="2024-11-26T13:17:22 IST" name="Default suite" finished-at="2024-11-26T13:17:45 IST" duration-ms="22809">
    <groups>
    </groups>
    <test started-at="2024-11-26T13:17:22 IST" name="Default test" finished-at="2024-11-26T13:17:45 IST" duration-ms="22809">
      <class name="test.CustomerLoginTest">
        <test-method is-config="true" signature="setup()[pri:0, instance:test.CustomerLoginTest@1623b78d]" started-at="2024-11-26T13:17:22 IST" name="setup" finished-at="2024-11-26T13:17:32 IST" duration-ms="10589" status="PASS">
          <reporter-output>
          </reporter-output>
        </test-method> <!-- setup -->
        <test-method signature="login()[pri:0, instance:test.CustomerLoginTest@1623b78d]" started-at="2024-11-26T13:17:32 IST" name="login" finished-at="2024-11-26T13:17:39 IST" duration-ms="6741" status="PASS">
          <reporter-output>
          </reporter-output>
        </test-method> <!-- login -->
        <test-method signature="screenshot()[pri:0, instance:test.CustomerLoginTest@1623b78d]" started-at="2024-11-26T13:17:39 IST" name="screenshot" finished-at="2024-11-26T13:17:39 IST" duration-ms="200" status="PASS">
          <reporter-output>
          </reporter-output>
        </test-method> <!-- screenshot -->
        <test-method signature="deposite()[pri:2, instance:test.CustomerLoginTest@1623b78d]" started-at="2024-11-26T13:17:39 IST" name="deposite" finished-at="2024-11-26T13:17:44 IST" duration-ms="4383" status="PASS">
          <reporter-output>
          </reporter-output>
        </test-method> <!-- deposite -->
        <test-method signature="withdawl()[pri:3, instance:test.CustomerLoginTest@1623b78d]" started-at="2024-11-26T13:17:44 IST" name="withdawl" finished-at="2024-11-26T13:17:44 IST" duration-ms="308" status="PASS">
          <reporter-output>
          </reporter-output>
        </test-method> <!-- withdawl -->
        <test-method is-config="true" signature="m3()[pri:0, instance:test.CustomerLoginTest@1623b78d]" started-at="2024-11-26T13:17:44 IST" name="m3" finished-at="2024-11-26T13:17:45 IST" duration-ms="521" status="PASS">
          <reporter-output>
          </reporter-output>
        </test-method> <!-- m3 -->
      </class> <!-- test.CustomerLoginTest -->
    </test> <!-- Default test -->
  </suite> <!-- Default suite -->
</testng-results>
